<?xml version="1.0" encoding="UTF-8"?>
<testsuite name="com.fundoo.FundooPushTest" tests="1" skipped="0" failures="0" errors="0" timestamp="2019-12-30T12:00:55" hostname="admin142-desktop" time="1.188">
  <properties/>
  <testcase name="givenUser_IfLoggedOutSuccessfully_ShouldReturn200StatusCode" classname="com.fundoo.FundooPushTest" time="1.188"/>
  <system-out><![CDATA[{
    "status": true,
    "message": "Logged out successfully from the system"
}
]]></system-out>
  <system-err><![CDATA[]]></system-err>
</testsuite>
