<?xml version="1.0" encoding="UTF-8"?>
<testsuite name="com.fundoo.FundooPushTest" tests="1" skipped="0" failures="0" errors="0" timestamp="2019-12-31T08:32:02" hostname="admin142-desktop" time="0.96">
  <properties/>
  <testcase name="givenUser_IfRedirectDeleteImage_ShouldReturnStatusCode" classname="com.fundoo.FundooPushTest" time="0.96"/>
  <system-out><![CDATA[{
    "status": true,
    "message": "Redirect deleted Successfully",
    "data": {
        "n": 0,
        "nModified": 0,
        "ok": 1
    }
}
]]></system-out>
  <system-err><![CDATA[]]></system-err>
</testsuite>
